[2024-06-16T08:08:23.287+0000] {local_task_job_runner.py:120} INFO - ::group::Pre task execution logs
[2024-06-16T08:08:23.379+0000] {taskinstance.py:2076} INFO - Dependencies all met for dep_context=non-requeueable deps ti=<TaskInstance: status_dag_v3.success_state manual__2024-06-16T08:08:22.161690+00:00 [queued]>
[2024-06-16T08:08:23.403+0000] {taskinstance.py:2076} INFO - Dependencies all met for dep_context=requeueable deps ti=<TaskInstance: status_dag_v3.success_state manual__2024-06-16T08:08:22.161690+00:00 [queued]>
[2024-06-16T08:08:23.413+0000] {taskinstance.py:2306} INFO - Starting attempt 1 of 1
[2024-06-16T08:08:23.435+0000] {taskinstance.py:2330} INFO - Executing <Task(PythonOperator): success_state> on 2024-06-16 08:08:22.161690+00:00
[2024-06-16T08:08:23.451+0000] {logging_mixin.py:188} WARNING - /home/***/.local/lib/python3.12/site-packages/***/task/task_runner/standard_task_runner.py:61 DeprecationWarning: This process (pid=2862) is multi-threaded, use of fork() may lead to deadlocks in the child.
[2024-06-16T08:08:23.452+0000] {standard_task_runner.py:63} INFO - Started process 2866 to run task
[2024-06-16T08:08:23.457+0000] {standard_task_runner.py:90} INFO - Running: ['***', 'tasks', 'run', 'status_dag_v3', 'success_state', 'manual__2024-06-16T08:08:22.161690+00:00', '--job-id', '29', '--raw', '--subdir', 'DAGS_FOLDER/skipDAG.py', '--cfg-path', '/tmp/tmp9z3t68xt']
[2024-06-16T08:08:23.463+0000] {standard_task_runner.py:91} INFO - Job 29: Subtask success_state
[2024-06-16T08:08:23.615+0000] {task_command.py:426} INFO - Running <TaskInstance: status_dag_v3.success_state manual__2024-06-16T08:08:22.161690+00:00 [running]> on host 15cc12e76742
[2024-06-16T08:08:23.827+0000] {taskinstance.py:2648} INFO - Exporting env vars: AIRFLOW_CTX_DAG_OWNER='ariflow' AIRFLOW_CTX_DAG_ID='status_dag_v3' AIRFLOW_CTX_TASK_ID='success_state' AIRFLOW_CTX_EXECUTION_DATE='2024-06-16T08:08:22.161690+00:00' AIRFLOW_CTX_TRY_NUMBER='1' AIRFLOW_CTX_DAG_RUN_ID='manual__2024-06-16T08:08:22.161690+00:00'
[2024-06-16T08:08:23.827+0000] {taskinstance.py:430} INFO - ::endgroup::
[2024-06-16T08:08:23.877+0000] {skipDAG.py:26} INFO - Success....
[2024-06-16T08:08:23.877+0000] {logging_mixin.py:188} INFO - Success....
[2024-06-16T08:08:23.878+0000] {python.py:237} INFO - Done. Returned value was: None
[2024-06-16T08:08:23.880+0000] {taskinstance.py:441} INFO - ::group::Post task execution logs
[2024-06-16T08:08:23.924+0000] {taskinstance.py:1206} INFO - Marking task as SUCCESS. dag_id=status_dag_v3, task_id=success_state, run_id=manual__2024-06-16T08:08:22.161690+00:00, execution_date=20240616T080822, start_date=20240616T080823, end_date=20240616T080823
[2024-06-16T08:08:23.967+0000] {local_task_job_runner.py:240} INFO - Task exited with return code 0
[2024-06-16T08:08:23.994+0000] {taskinstance.py:3498} INFO - 0 downstream tasks scheduled from follow-on schedule check
[2024-06-16T08:08:23.996+0000] {local_task_job_runner.py:222} INFO - ::endgroup::
