[2024-06-16T08:08:23.298+0000] {local_task_job_runner.py:120} INFO - ::group::Pre task execution logs
[2024-06-16T08:08:23.379+0000] {taskinstance.py:2076} INFO - Dependencies all met for dep_context=non-requeueable deps ti=<TaskInstance: status_dag_v3.skipped_state manual__2024-06-16T08:08:22.161690+00:00 [queued]>
[2024-06-16T08:08:23.389+0000] {taskinstance.py:2076} INFO - Dependencies all met for dep_context=requeueable deps ti=<TaskInstance: status_dag_v3.skipped_state manual__2024-06-16T08:08:22.161690+00:00 [queued]>
[2024-06-16T08:08:23.390+0000] {taskinstance.py:2306} INFO - Starting attempt 1 of 1
[2024-06-16T08:08:23.407+0000] {taskinstance.py:2330} INFO - Executing <Task(PythonOperator): skipped_state> on 2024-06-16 08:08:22.161690+00:00
[2024-06-16T08:08:23.425+0000] {logging_mixin.py:188} WARNING - /home/***/.local/lib/python3.12/site-packages/***/task/task_runner/standard_task_runner.py:61 DeprecationWarning: This process (pid=2863) is multi-threaded, use of fork() may lead to deadlocks in the child.
[2024-06-16T08:08:23.426+0000] {standard_task_runner.py:63} INFO - Started process 2864 to run task
[2024-06-16T08:08:23.433+0000] {standard_task_runner.py:90} INFO - Running: ['***', 'tasks', 'run', 'status_dag_v3', 'skipped_state', 'manual__2024-06-16T08:08:22.161690+00:00', '--job-id', '27', '--raw', '--subdir', 'DAGS_FOLDER/skipDAG.py', '--cfg-path', '/tmp/tmpw5wcrtmz']
[2024-06-16T08:08:23.434+0000] {standard_task_runner.py:91} INFO - Job 27: Subtask skipped_state
[2024-06-16T08:08:23.512+0000] {task_command.py:426} INFO - Running <TaskInstance: status_dag_v3.skipped_state manual__2024-06-16T08:08:22.161690+00:00 [running]> on host 15cc12e76742
[2024-06-16T08:08:23.723+0000] {taskinstance.py:2648} INFO - Exporting env vars: AIRFLOW_CTX_DAG_OWNER='ariflow' AIRFLOW_CTX_DAG_ID='status_dag_v3' AIRFLOW_CTX_TASK_ID='skipped_state' AIRFLOW_CTX_EXECUTION_DATE='2024-06-16T08:08:22.161690+00:00' AIRFLOW_CTX_TRY_NUMBER='1' AIRFLOW_CTX_DAG_RUN_ID='manual__2024-06-16T08:08:22.161690+00:00'
[2024-06-16T08:08:23.724+0000] {taskinstance.py:430} INFO - ::endgroup::
[2024-06-16T08:08:23.806+0000] {skipDAG.py:32} ERROR - Skipped....
[2024-06-16T08:08:23.806+0000] {logging_mixin.py:188} INFO - Skipped....
[2024-06-16T08:08:23.806+0000] {python.py:237} INFO - Done. Returned value was: None
[2024-06-16T08:08:23.807+0000] {taskinstance.py:441} INFO - ::group::Post task execution logs
[2024-06-16T08:08:23.843+0000] {taskinstance.py:1206} INFO - Marking task as SUCCESS. dag_id=status_dag_v3, task_id=skipped_state, run_id=manual__2024-06-16T08:08:22.161690+00:00, execution_date=20240616T080822, start_date=20240616T080823, end_date=20240616T080823
[2024-06-16T08:08:23.889+0000] {local_task_job_runner.py:240} INFO - Task exited with return code 0
[2024-06-16T08:08:23.960+0000] {taskinstance.py:3498} INFO - 0 downstream tasks scheduled from follow-on schedule check
[2024-06-16T08:08:23.961+0000] {local_task_job_runner.py:222} INFO - ::endgroup::
