[2024-06-16T07:25:20.116+0000] {local_task_job_runner.py:120} INFO - ::group::Pre task execution logs
[2024-06-16T07:25:20.220+0000] {taskinstance.py:2076} INFO - Dependencies all met for dep_context=non-requeueable deps ti=<TaskInstance: first_dag.first_task scheduled__2024-06-13T00:00:00+00:00 [queued]>
[2024-06-16T07:25:20.255+0000] {taskinstance.py:2076} INFO - Dependencies all met for dep_context=requeueable deps ti=<TaskInstance: first_dag.first_task scheduled__2024-06-13T00:00:00+00:00 [queued]>
[2024-06-16T07:25:20.255+0000] {taskinstance.py:2306} INFO - Starting attempt 1 of 1
[2024-06-16T07:25:20.313+0000] {taskinstance.py:2330} INFO - Executing <Task(BashOperator): first_task> on 2024-06-13 00:00:00+00:00
[2024-06-16T07:25:20.344+0000] {logging_mixin.py:188} WARNING - /home/***/.local/lib/python3.12/site-packages/***/task/task_runner/standard_task_runner.py:61 DeprecationWarning: This process (pid=181) is multi-threaded, use of fork() may lead to deadlocks in the child.
[2024-06-16T07:25:20.345+0000] {standard_task_runner.py:63} INFO - Started process 187 to run task
[2024-06-16T07:25:20.351+0000] {standard_task_runner.py:90} INFO - Running: ['***', 'tasks', 'run', 'first_dag', 'first_task', 'scheduled__2024-06-13T00:00:00+00:00', '--job-id', '6', '--raw', '--subdir', 'DAGS_FOLDER/firstDAG.py', '--cfg-path', '/tmp/tmpjk1bn3ik']
[2024-06-16T07:25:20.357+0000] {standard_task_runner.py:91} INFO - Job 6: Subtask first_task
[2024-06-16T07:25:20.520+0000] {task_command.py:426} INFO - Running <TaskInstance: first_dag.first_task scheduled__2024-06-13T00:00:00+00:00 [running]> on host 15cc12e76742
[2024-06-16T07:25:20.957+0000] {taskinstance.py:2648} INFO - Exporting env vars: AIRFLOW_CTX_DAG_OWNER='griffith' AIRFLOW_CTX_DAG_ID='first_dag' AIRFLOW_CTX_TASK_ID='first_task' AIRFLOW_CTX_EXECUTION_DATE='2024-06-13T00:00:00+00:00' AIRFLOW_CTX_TRY_NUMBER='1' AIRFLOW_CTX_DAG_RUN_ID='scheduled__2024-06-13T00:00:00+00:00'
[2024-06-16T07:25:20.958+0000] {taskinstance.py:430} INFO - ::endgroup::
[2024-06-16T07:25:20.981+0000] {subprocess.py:63} INFO - Tmp dir root location: /tmp
[2024-06-16T07:25:20.982+0000] {subprocess.py:75} INFO - Running command: ['/usr/bin/bash', '-c', 'echo This is the first task written in VSCode']
[2024-06-16T07:25:20.996+0000] {subprocess.py:86} INFO - Output:
[2024-06-16T07:25:20.998+0000] {subprocess.py:93} INFO - This is the first task written in VSCode
[2024-06-16T07:25:20.999+0000] {subprocess.py:97} INFO - Command exited with return code 0
[2024-06-16T07:25:21.000+0000] {taskinstance.py:441} INFO - ::group::Post task execution logs
[2024-06-16T07:25:21.095+0000] {taskinstance.py:1206} INFO - Marking task as SUCCESS. dag_id=first_dag, task_id=first_task, run_id=scheduled__2024-06-13T00:00:00+00:00, execution_date=20240613T000000, start_date=20240616T072520, end_date=20240616T072521
[2024-06-16T07:25:21.155+0000] {local_task_job_runner.py:240} INFO - Task exited with return code 0
[2024-06-16T07:25:21.192+0000] {taskinstance.py:3498} INFO - 0 downstream tasks scheduled from follow-on schedule check
[2024-06-16T07:25:21.200+0000] {local_task_job_runner.py:222} INFO - ::endgroup::
