[2024-06-08T19:43:15.007+0000] {local_task_job_runner.py:120} INFO - ::group::Pre task execution logs
[2024-06-08T19:43:15.087+0000] {taskinstance.py:2076} INFO - Dependencies all met for dep_context=non-requeueable deps ti=<TaskInstance: example_bash_operator.runme_2 manual__2024-06-08T19:43:10+00:00 [queued]>
[2024-06-08T19:43:15.109+0000] {taskinstance.py:2076} INFO - Dependencies all met for dep_context=requeueable deps ti=<TaskInstance: example_bash_operator.runme_2 manual__2024-06-08T19:43:10+00:00 [queued]>
[2024-06-08T19:43:15.109+0000] {taskinstance.py:2306} INFO - Starting attempt 1 of 1
[2024-06-08T19:43:15.136+0000] {taskinstance.py:2330} INFO - Executing <Task(BashOperator): runme_2> on 2024-06-08 19:43:10+00:00
[2024-06-08T19:43:15.150+0000] {logging_mixin.py:188} WARNING - /home/***/.local/lib/python3.12/site-packages/***/task/task_runner/standard_task_runner.py:61 DeprecationWarning: This process (pid=2544) is multi-threaded, use of fork() may lead to deadlocks in the child.
[2024-06-08T19:43:15.151+0000] {standard_task_runner.py:63} INFO - Started process 2554 to run task
[2024-06-08T19:43:15.157+0000] {standard_task_runner.py:90} INFO - Running: ['***', 'tasks', 'run', 'example_bash_operator', 'runme_2', 'manual__2024-06-08T19:43:10+00:00', '--job-id', '13', '--raw', '--subdir', '/home/***/.local/lib/python3.12/site-packages/***/example_dags/example_bash_operator.py', '--cfg-path', '/tmp/tmp9dlb0pqt']
[2024-06-08T19:43:15.159+0000] {standard_task_runner.py:91} INFO - Job 13: Subtask runme_2
[2024-06-08T19:43:15.238+0000] {task_command.py:426} INFO - Running <TaskInstance: example_bash_operator.runme_2 manual__2024-06-08T19:43:10+00:00 [running]> on host 9dbc3d88b7e5
[2024-06-08T19:43:15.428+0000] {taskinstance.py:2648} INFO - Exporting env vars: AIRFLOW_CTX_DAG_OWNER='***' AIRFLOW_CTX_DAG_ID='example_bash_operator' AIRFLOW_CTX_TASK_ID='runme_2' AIRFLOW_CTX_EXECUTION_DATE='2024-06-08T19:43:10+00:00' AIRFLOW_CTX_TRY_NUMBER='1' AIRFLOW_CTX_DAG_RUN_ID='manual__2024-06-08T19:43:10+00:00'
[2024-06-08T19:43:15.429+0000] {taskinstance.py:430} INFO - ::endgroup::
[2024-06-08T19:43:15.430+0000] {subprocess.py:63} INFO - Tmp dir root location: /tmp
[2024-06-08T19:43:15.430+0000] {subprocess.py:75} INFO - Running command: ['/usr/bin/bash', '-c', 'echo "example_bash_operator__runme_2__20240608" && sleep 1']
[2024-06-08T19:43:15.468+0000] {subprocess.py:86} INFO - Output:
[2024-06-08T19:43:15.476+0000] {subprocess.py:93} INFO - example_bash_operator__runme_2__20240608
[2024-06-08T19:43:16.479+0000] {subprocess.py:97} INFO - Command exited with return code 0
[2024-06-08T19:43:16.479+0000] {taskinstance.py:441} INFO - ::group::Post task execution logs
[2024-06-08T19:43:16.506+0000] {taskinstance.py:1206} INFO - Marking task as SUCCESS. dag_id=example_bash_operator, task_id=runme_2, run_id=manual__2024-06-08T19:43:10+00:00, execution_date=20240608T194310, start_date=20240608T194315, end_date=20240608T194316
[2024-06-08T19:43:16.555+0000] {local_task_job_runner.py:240} INFO - Task exited with return code 0
[2024-06-08T19:43:16.585+0000] {taskinstance.py:3498} INFO - 0 downstream tasks scheduled from follow-on schedule check
[2024-06-08T19:43:16.586+0000] {local_task_job_runner.py:222} INFO - ::endgroup::
