[2024-06-16T08:04:45.077+0000] {local_task_job_runner.py:120} INFO - ::group::Pre task execution logs
[2024-06-16T08:04:45.138+0000] {taskinstance.py:2076} INFO - Dependencies all met for dep_context=non-requeueable deps ti=<TaskInstance: status_dag_v2.logging manual__2024-06-16T08:04:42.352689+00:00 [queued]>
[2024-06-16T08:04:45.160+0000] {taskinstance.py:2076} INFO - Dependencies all met for dep_context=requeueable deps ti=<TaskInstance: status_dag_v2.logging manual__2024-06-16T08:04:42.352689+00:00 [queued]>
[2024-06-16T08:04:45.160+0000] {taskinstance.py:2306} INFO - Starting attempt 1 of 1
[2024-06-16T08:04:45.186+0000] {taskinstance.py:2330} INFO - Executing <Task(PythonOperator): logging> on 2024-06-16 08:04:42.352689+00:00
[2024-06-16T08:04:45.199+0000] {logging_mixin.py:188} WARNING - /home/***/.local/lib/python3.12/site-packages/***/task/task_runner/standard_task_runner.py:61 DeprecationWarning: This process (pid=2679) is multi-threaded, use of fork() may lead to deadlocks in the child.
[2024-06-16T08:04:45.199+0000] {standard_task_runner.py:63} INFO - Started process 2680 to run task
[2024-06-16T08:04:45.199+0000] {standard_task_runner.py:90} INFO - Running: ['***', 'tasks', 'run', 'status_dag_v2', 'logging', 'manual__2024-06-16T08:04:42.352689+00:00', '--job-id', '24', '--raw', '--subdir', 'DAGS_FOLDER/skipDAG.py', '--cfg-path', '/tmp/tmpzl6yshge']
[2024-06-16T08:04:45.200+0000] {standard_task_runner.py:91} INFO - Job 24: Subtask logging
[2024-06-16T08:04:45.278+0000] {task_command.py:426} INFO - Running <TaskInstance: status_dag_v2.logging manual__2024-06-16T08:04:42.352689+00:00 [running]> on host 15cc12e76742
[2024-06-16T08:04:45.383+0000] {taskinstance.py:2648} INFO - Exporting env vars: AIRFLOW_CTX_DAG_OWNER='ariflow' AIRFLOW_CTX_DAG_ID='status_dag_v2' AIRFLOW_CTX_TASK_ID='logging' AIRFLOW_CTX_EXECUTION_DATE='2024-06-16T08:04:42.352689+00:00' AIRFLOW_CTX_TRY_NUMBER='1' AIRFLOW_CTX_DAG_RUN_ID='manual__2024-06-16T08:04:42.352689+00:00'
[2024-06-16T08:04:45.384+0000] {taskinstance.py:430} INFO - ::endgroup::
[2024-06-16T08:04:45.409+0000] {skipDAG.py:44} INFO - failed
[2024-06-16T08:04:45.417+0000] {skipDAG.py:46} INFO - None
[2024-06-16T08:04:45.424+0000] {skipDAG.py:48} INFO - None
[2024-06-16T08:04:45.432+0000] {skipDAG.py:50} INFO - None
[2024-06-16T08:04:45.432+0000] {python.py:237} INFO - Done. Returned value was: None
[2024-06-16T08:04:45.433+0000] {taskinstance.py:441} INFO - ::group::Post task execution logs
[2024-06-16T08:04:45.441+0000] {taskinstance.py:1206} INFO - Marking task as SUCCESS. dag_id=status_dag_v2, task_id=logging, run_id=manual__2024-06-16T08:04:42.352689+00:00, execution_date=20240616T080442, start_date=20240616T080445, end_date=20240616T080445
[2024-06-16T08:04:45.460+0000] {local_task_job_runner.py:240} INFO - Task exited with return code 0
[2024-06-16T08:04:45.473+0000] {taskinstance.py:3498} INFO - 0 downstream tasks scheduled from follow-on schedule check
[2024-06-16T08:04:45.474+0000] {local_task_job_runner.py:222} INFO - ::endgroup::
