[2024-06-16T07:25:19.790+0000] {local_task_job_runner.py:120} INFO - ::group::Pre task execution logs
[2024-06-16T07:25:19.888+0000] {taskinstance.py:2076} INFO - Dependencies all met for dep_context=non-requeueable deps ti=<TaskInstance: first_dag.first_task scheduled__2024-06-11T00:00:00+00:00 [queued]>
[2024-06-16T07:25:19.931+0000] {taskinstance.py:2076} INFO - Dependencies all met for dep_context=requeueable deps ti=<TaskInstance: first_dag.first_task scheduled__2024-06-11T00:00:00+00:00 [queued]>
[2024-06-16T07:25:19.931+0000] {taskinstance.py:2306} INFO - Starting attempt 1 of 1
[2024-06-16T07:25:19.966+0000] {taskinstance.py:2330} INFO - Executing <Task(BashOperator): first_task> on 2024-06-11 00:00:00+00:00
[2024-06-16T07:25:19.978+0000] {logging_mixin.py:188} WARNING - /home/***/.local/lib/python3.12/site-packages/***/task/task_runner/standard_task_runner.py:61 DeprecationWarning: This process (pid=179) is multi-threaded, use of fork() may lead to deadlocks in the child.
[2024-06-16T07:25:19.979+0000] {standard_task_runner.py:63} INFO - Started process 184 to run task
[2024-06-16T07:25:19.982+0000] {standard_task_runner.py:90} INFO - Running: ['***', 'tasks', 'run', 'first_dag', 'first_task', 'scheduled__2024-06-11T00:00:00+00:00', '--job-id', '4', '--raw', '--subdir', 'DAGS_FOLDER/firstDAG.py', '--cfg-path', '/tmp/tmpzt_97afm']
[2024-06-16T07:25:19.984+0000] {standard_task_runner.py:91} INFO - Job 4: Subtask first_task
[2024-06-16T07:25:20.075+0000] {task_command.py:426} INFO - Running <TaskInstance: first_dag.first_task scheduled__2024-06-11T00:00:00+00:00 [running]> on host 15cc12e76742
[2024-06-16T07:25:20.300+0000] {taskinstance.py:2648} INFO - Exporting env vars: AIRFLOW_CTX_DAG_OWNER='griffith' AIRFLOW_CTX_DAG_ID='first_dag' AIRFLOW_CTX_TASK_ID='first_task' AIRFLOW_CTX_EXECUTION_DATE='2024-06-11T00:00:00+00:00' AIRFLOW_CTX_TRY_NUMBER='1' AIRFLOW_CTX_DAG_RUN_ID='scheduled__2024-06-11T00:00:00+00:00'
[2024-06-16T07:25:20.300+0000] {taskinstance.py:430} INFO - ::endgroup::
[2024-06-16T07:25:20.530+0000] {subprocess.py:63} INFO - Tmp dir root location: /tmp
[2024-06-16T07:25:20.531+0000] {subprocess.py:75} INFO - Running command: ['/usr/bin/bash', '-c', 'echo This is the first task written in VSCode']
[2024-06-16T07:25:20.577+0000] {subprocess.py:86} INFO - Output:
[2024-06-16T07:25:20.596+0000] {subprocess.py:93} INFO - This is the first task written in VSCode
[2024-06-16T07:25:20.600+0000] {subprocess.py:97} INFO - Command exited with return code 0
[2024-06-16T07:25:20.601+0000] {taskinstance.py:441} INFO - ::group::Post task execution logs
[2024-06-16T07:25:20.698+0000] {taskinstance.py:1206} INFO - Marking task as SUCCESS. dag_id=first_dag, task_id=first_task, run_id=scheduled__2024-06-11T00:00:00+00:00, execution_date=20240611T000000, start_date=20240616T072519, end_date=20240616T072520
[2024-06-16T07:25:20.848+0000] {local_task_job_runner.py:240} INFO - Task exited with return code 0
[2024-06-16T07:25:20.945+0000] {taskinstance.py:3498} INFO - 0 downstream tasks scheduled from follow-on schedule check
[2024-06-16T07:25:20.954+0000] {local_task_job_runner.py:222} INFO - ::endgroup::
