[2024-06-08T19:43:02.500+0000] {local_task_job_runner.py:120} INFO - ::group::Pre task execution logs
[2024-06-08T19:43:02.567+0000] {taskinstance.py:2076} INFO - Dependencies all met for dep_context=non-requeueable deps ti=<TaskInstance: example_bash_operator.this_will_skip scheduled__2024-06-07T00:00:00+00:00 [queued]>
[2024-06-08T19:43:02.590+0000] {taskinstance.py:2076} INFO - Dependencies all met for dep_context=requeueable deps ti=<TaskInstance: example_bash_operator.this_will_skip scheduled__2024-06-07T00:00:00+00:00 [queued]>
[2024-06-08T19:43:02.590+0000] {taskinstance.py:2306} INFO - Starting attempt 1 of 1
[2024-06-08T19:43:02.636+0000] {taskinstance.py:2330} INFO - Executing <Task(BashOperator): this_will_skip> on 2024-06-07 00:00:00+00:00
[2024-06-08T19:43:02.655+0000] {logging_mixin.py:188} WARNING - /home/***/.local/lib/python3.12/site-packages/***/task/task_runner/standard_task_runner.py:61 DeprecationWarning: This process (pid=2313) is multi-threaded, use of fork() may lead to deadlocks in the child.
[2024-06-08T19:43:02.655+0000] {standard_task_runner.py:63} INFO - Started process 2446 to run task
[2024-06-08T19:43:02.659+0000] {standard_task_runner.py:90} INFO - Running: ['***', 'tasks', 'run', 'example_bash_operator', 'this_will_skip', 'scheduled__2024-06-07T00:00:00+00:00', '--job-id', '9', '--raw', '--subdir', '/home/***/.local/lib/python3.12/site-packages/***/example_dags/example_bash_operator.py', '--cfg-path', '/tmp/tmpwux7ep9p']
[2024-06-08T19:43:02.661+0000] {standard_task_runner.py:91} INFO - Job 9: Subtask this_will_skip
[2024-06-08T19:43:02.741+0000] {task_command.py:426} INFO - Running <TaskInstance: example_bash_operator.this_will_skip scheduled__2024-06-07T00:00:00+00:00 [running]> on host 9dbc3d88b7e5
[2024-06-08T19:43:02.882+0000] {taskinstance.py:2648} INFO - Exporting env vars: AIRFLOW_CTX_DAG_OWNER='***' AIRFLOW_CTX_DAG_ID='example_bash_operator' AIRFLOW_CTX_TASK_ID='this_will_skip' AIRFLOW_CTX_EXECUTION_DATE='2024-06-07T00:00:00+00:00' AIRFLOW_CTX_TRY_NUMBER='1' AIRFLOW_CTX_DAG_RUN_ID='scheduled__2024-06-07T00:00:00+00:00'
[2024-06-08T19:43:02.883+0000] {taskinstance.py:430} INFO - ::endgroup::
[2024-06-08T19:43:02.884+0000] {subprocess.py:63} INFO - Tmp dir root location: /tmp
[2024-06-08T19:43:02.885+0000] {subprocess.py:75} INFO - Running command: ['/usr/bin/bash', '-c', 'echo "hello world"; exit 99;']
[2024-06-08T19:43:02.910+0000] {subprocess.py:86} INFO - Output:
[2024-06-08T19:43:02.914+0000] {subprocess.py:93} INFO - hello world
[2024-06-08T19:43:02.915+0000] {subprocess.py:97} INFO - Command exited with return code 99
[2024-06-08T19:43:02.916+0000] {taskinstance.py:441} INFO - ::group::Post task execution logs
[2024-06-08T19:43:02.916+0000] {taskinstance.py:2506} INFO - Bash command returned exit code 99. Skipping.
[2024-06-08T19:43:02.927+0000] {taskinstance.py:1206} INFO - Marking task as SKIPPED. dag_id=example_bash_operator, task_id=this_will_skip, run_id=scheduled__2024-06-07T00:00:00+00:00, execution_date=20240607T000000, start_date=20240608T194302, end_date=20240608T194302
[2024-06-08T19:43:02.954+0000] {local_task_job_runner.py:240} INFO - Task exited with return code 0
[2024-06-08T19:43:02.976+0000] {taskinstance.py:3498} INFO - 0 downstream tasks scheduled from follow-on schedule check
[2024-06-08T19:43:02.980+0000] {local_task_job_runner.py:222} INFO - ::endgroup::
