[2024-06-16T07:25:19.685+0000] {local_task_job_runner.py:120} INFO - ::group::Pre task execution logs
[2024-06-16T07:25:19.823+0000] {taskinstance.py:2076} INFO - Dependencies all met for dep_context=non-requeueable deps ti=<TaskInstance: first_dag.first_task scheduled__2024-06-10T00:00:00+00:00 [queued]>
[2024-06-16T07:25:19.848+0000] {taskinstance.py:2076} INFO - Dependencies all met for dep_context=requeueable deps ti=<TaskInstance: first_dag.first_task scheduled__2024-06-10T00:00:00+00:00 [queued]>
[2024-06-16T07:25:19.848+0000] {taskinstance.py:2306} INFO - Starting attempt 1 of 1
[2024-06-16T07:25:19.920+0000] {taskinstance.py:2330} INFO - Executing <Task(BashOperator): first_task> on 2024-06-10 00:00:00+00:00
[2024-06-16T07:25:19.939+0000] {logging_mixin.py:188} WARNING - /home/***/.local/lib/python3.12/site-packages/***/task/task_runner/standard_task_runner.py:61 DeprecationWarning: This process (pid=178) is multi-threaded, use of fork() may lead to deadlocks in the child.
[2024-06-16T07:25:19.940+0000] {standard_task_runner.py:63} INFO - Started process 182 to run task
[2024-06-16T07:25:19.944+0000] {standard_task_runner.py:90} INFO - Running: ['***', 'tasks', 'run', 'first_dag', 'first_task', 'scheduled__2024-06-10T00:00:00+00:00', '--job-id', '3', '--raw', '--subdir', 'DAGS_FOLDER/firstDAG.py', '--cfg-path', '/tmp/tmplrkyqpsx']
[2024-06-16T07:25:19.946+0000] {standard_task_runner.py:91} INFO - Job 3: Subtask first_task
[2024-06-16T07:25:20.025+0000] {task_command.py:426} INFO - Running <TaskInstance: first_dag.first_task scheduled__2024-06-10T00:00:00+00:00 [running]> on host 15cc12e76742
[2024-06-16T07:25:20.259+0000] {taskinstance.py:2648} INFO - Exporting env vars: AIRFLOW_CTX_DAG_OWNER='griffith' AIRFLOW_CTX_DAG_ID='first_dag' AIRFLOW_CTX_TASK_ID='first_task' AIRFLOW_CTX_EXECUTION_DATE='2024-06-10T00:00:00+00:00' AIRFLOW_CTX_TRY_NUMBER='1' AIRFLOW_CTX_DAG_RUN_ID='scheduled__2024-06-10T00:00:00+00:00'
[2024-06-16T07:25:20.260+0000] {taskinstance.py:430} INFO - ::endgroup::
[2024-06-16T07:25:20.541+0000] {subprocess.py:63} INFO - Tmp dir root location: /tmp
[2024-06-16T07:25:20.542+0000] {subprocess.py:75} INFO - Running command: ['/usr/bin/bash', '-c', 'echo This is the first task written in VSCode']
[2024-06-16T07:25:20.580+0000] {subprocess.py:86} INFO - Output:
[2024-06-16T07:25:20.597+0000] {subprocess.py:93} INFO - This is the first task written in VSCode
[2024-06-16T07:25:20.608+0000] {subprocess.py:97} INFO - Command exited with return code 0
[2024-06-16T07:25:20.608+0000] {taskinstance.py:441} INFO - ::group::Post task execution logs
[2024-06-16T07:25:20.708+0000] {taskinstance.py:1206} INFO - Marking task as SUCCESS. dag_id=first_dag, task_id=first_task, run_id=scheduled__2024-06-10T00:00:00+00:00, execution_date=20240610T000000, start_date=20240616T072519, end_date=20240616T072520
[2024-06-16T07:25:20.825+0000] {local_task_job_runner.py:240} INFO - Task exited with return code 0
[2024-06-16T07:25:20.885+0000] {taskinstance.py:3498} INFO - 0 downstream tasks scheduled from follow-on schedule check
[2024-06-16T07:25:20.902+0000] {local_task_job_runner.py:222} INFO - ::endgroup::
