[2024-06-08T19:43:02.513+0000] {local_task_job_runner.py:120} INFO - ::group::Pre task execution logs
[2024-06-08T19:43:02.579+0000] {taskinstance.py:2076} INFO - Dependencies all met for dep_context=non-requeueable deps ti=<TaskInstance: example_bash_operator.runme_0 scheduled__2024-06-07T00:00:00+00:00 [queued]>
[2024-06-08T19:43:02.605+0000] {taskinstance.py:2076} INFO - Dependencies all met for dep_context=requeueable deps ti=<TaskInstance: example_bash_operator.runme_0 scheduled__2024-06-07T00:00:00+00:00 [queued]>
[2024-06-08T19:43:02.606+0000] {taskinstance.py:2306} INFO - Starting attempt 1 of 1
[2024-06-08T19:43:02.625+0000] {taskinstance.py:2330} INFO - Executing <Task(BashOperator): runme_0> on 2024-06-07 00:00:00+00:00
[2024-06-08T19:43:02.655+0000] {logging_mixin.py:188} WARNING - /home/***/.local/lib/python3.12/site-packages/***/task/task_runner/standard_task_runner.py:61 DeprecationWarning: This process (pid=2312) is multi-threaded, use of fork() may lead to deadlocks in the child.
[2024-06-08T19:43:02.656+0000] {standard_task_runner.py:63} INFO - Started process 2445 to run task
[2024-06-08T19:43:02.657+0000] {standard_task_runner.py:90} INFO - Running: ['***', 'tasks', 'run', 'example_bash_operator', 'runme_0', 'scheduled__2024-06-07T00:00:00+00:00', '--job-id', '10', '--raw', '--subdir', '/home/***/.local/lib/python3.12/site-packages/***/example_dags/example_bash_operator.py', '--cfg-path', '/tmp/tmp2ttip28s']
[2024-06-08T19:43:02.661+0000] {standard_task_runner.py:91} INFO - Job 10: Subtask runme_0
[2024-06-08T19:43:02.749+0000] {task_command.py:426} INFO - Running <TaskInstance: example_bash_operator.runme_0 scheduled__2024-06-07T00:00:00+00:00 [running]> on host 9dbc3d88b7e5
[2024-06-08T19:43:02.873+0000] {taskinstance.py:2648} INFO - Exporting env vars: AIRFLOW_CTX_DAG_OWNER='***' AIRFLOW_CTX_DAG_ID='example_bash_operator' AIRFLOW_CTX_TASK_ID='runme_0' AIRFLOW_CTX_EXECUTION_DATE='2024-06-07T00:00:00+00:00' AIRFLOW_CTX_TRY_NUMBER='1' AIRFLOW_CTX_DAG_RUN_ID='scheduled__2024-06-07T00:00:00+00:00'
[2024-06-08T19:43:02.875+0000] {taskinstance.py:430} INFO - ::endgroup::
[2024-06-08T19:43:02.876+0000] {subprocess.py:63} INFO - Tmp dir root location: /tmp
[2024-06-08T19:43:02.876+0000] {subprocess.py:75} INFO - Running command: ['/usr/bin/bash', '-c', 'echo "example_bash_operator__runme_0__20240607" && sleep 1']
[2024-06-08T19:43:02.894+0000] {subprocess.py:86} INFO - Output:
[2024-06-08T19:43:02.914+0000] {subprocess.py:93} INFO - example_bash_operator__runme_0__20240607
[2024-06-08T19:43:03.921+0000] {subprocess.py:97} INFO - Command exited with return code 0
[2024-06-08T19:43:03.922+0000] {taskinstance.py:441} INFO - ::group::Post task execution logs
[2024-06-08T19:43:03.952+0000] {taskinstance.py:1206} INFO - Marking task as SUCCESS. dag_id=example_bash_operator, task_id=runme_0, run_id=scheduled__2024-06-07T00:00:00+00:00, execution_date=20240607T000000, start_date=20240608T194302, end_date=20240608T194303
[2024-06-08T19:43:04.010+0000] {local_task_job_runner.py:240} INFO - Task exited with return code 0
[2024-06-08T19:43:04.023+0000] {taskinstance.py:3498} INFO - 0 downstream tasks scheduled from follow-on schedule check
[2024-06-08T19:43:04.024+0000] {local_task_job_runner.py:222} INFO - ::endgroup::
