[2024-06-16T07:58:15.341+0000] {local_task_job_runner.py:120} INFO - ::group::Pre task execution logs
[2024-06-16T07:58:15.382+0000] {taskinstance.py:2076} INFO - Dependencies all met for dep_context=non-requeueable deps ti=<TaskInstance: status_dag_v2.logging manual__2024-06-16T07:58:13.216229+00:00 [queued]>
[2024-06-16T07:58:15.394+0000] {taskinstance.py:2076} INFO - Dependencies all met for dep_context=requeueable deps ti=<TaskInstance: status_dag_v2.logging manual__2024-06-16T07:58:13.216229+00:00 [queued]>
[2024-06-16T07:58:15.395+0000] {taskinstance.py:2306} INFO - Starting attempt 1 of 1
[2024-06-16T07:58:15.409+0000] {taskinstance.py:2330} INFO - Executing <Task(PythonOperator): logging> on 2024-06-16 07:58:13.216229+00:00
[2024-06-16T07:58:15.417+0000] {logging_mixin.py:188} WARNING - /home/***/.local/lib/python3.12/site-packages/***/task/task_runner/standard_task_runner.py:61 DeprecationWarning: This process (pid=2379) is multi-threaded, use of fork() may lead to deadlocks in the child.
[2024-06-16T07:58:15.417+0000] {standard_task_runner.py:63} INFO - Started process 2380 to run task
[2024-06-16T07:58:15.423+0000] {standard_task_runner.py:90} INFO - Running: ['***', 'tasks', 'run', 'status_dag_v2', 'logging', 'manual__2024-06-16T07:58:13.216229+00:00', '--job-id', '20', '--raw', '--subdir', 'DAGS_FOLDER/skipDAG.py', '--cfg-path', '/tmp/tmpkw8hp_u1']
[2024-06-16T07:58:15.425+0000] {standard_task_runner.py:91} INFO - Job 20: Subtask logging
[2024-06-16T07:58:15.485+0000] {task_command.py:426} INFO - Running <TaskInstance: status_dag_v2.logging manual__2024-06-16T07:58:13.216229+00:00 [running]> on host 15cc12e76742
[2024-06-16T07:58:15.598+0000] {taskinstance.py:2648} INFO - Exporting env vars: AIRFLOW_CTX_DAG_OWNER='ariflow' AIRFLOW_CTX_DAG_ID='status_dag_v2' AIRFLOW_CTX_TASK_ID='logging' AIRFLOW_CTX_EXECUTION_DATE='2024-06-16T07:58:13.216229+00:00' AIRFLOW_CTX_TRY_NUMBER='1' AIRFLOW_CTX_DAG_RUN_ID='manual__2024-06-16T07:58:13.216229+00:00'
[2024-06-16T07:58:15.599+0000] {taskinstance.py:430} INFO - ::endgroup::
[2024-06-16T07:58:15.619+0000] {skipDAG.py:39} INFO - failed
[2024-06-16T07:58:15.625+0000] {skipDAG.py:41} INFO - None
[2024-06-16T07:58:15.631+0000] {skipDAG.py:43} INFO - None
[2024-06-16T07:58:15.637+0000] {skipDAG.py:45} INFO - None
[2024-06-16T07:58:15.638+0000] {python.py:237} INFO - Done. Returned value was: None
[2024-06-16T07:58:15.638+0000] {taskinstance.py:441} INFO - ::group::Post task execution logs
[2024-06-16T07:58:15.645+0000] {taskinstance.py:1206} INFO - Marking task as SUCCESS. dag_id=status_dag_v2, task_id=logging, run_id=manual__2024-06-16T07:58:13.216229+00:00, execution_date=20240616T075813, start_date=20240616T075815, end_date=20240616T075815
[2024-06-16T07:58:15.675+0000] {local_task_job_runner.py:240} INFO - Task exited with return code 0
[2024-06-16T07:58:15.689+0000] {taskinstance.py:3498} INFO - 0 downstream tasks scheduled from follow-on schedule check
[2024-06-16T07:58:15.690+0000] {local_task_job_runner.py:222} INFO - ::endgroup::
